1NUMBER OF BEAM       NUMBER OF BEAM        APPROXIMATE NUMBER    AVERAGE TIME USED     TIME LEFT (RESERVED   NUMBER OF STARS
 PARTICLES HANDLED    PARTICLES LEFT        OF BEAM PARTICLES     BY A BEAM PARTICLE     10000.0 SECONDS      CREATED
                                            THAT CAN STILL BE                           FOR PRINTOUT)
                                            HANDLED

 NEXT SEEDS:       0       0       0       0       0       0   181CD    3039       0       0
          1              13799999              13799999             2.2792816E-04         1.0000000E+30                 0       
 NEXT SEEDS:     360       0       0       0       0       0   181CD    3039       0       0
     200000              13600000              13600000             1.2623626E-04         1.0000000E+30                 0       
 NEXT SEEDS: C6B2097       0       0       0       0       0   181CD    3039       0       0
     400000              13400000              13400000             1.2615275E-04         1.0000000E+30                 0       
 NEXT SEEDS:18D2B230       0       0       0       0       0   181CD    3039       0       0
     600000              13200000              13200000             1.2610565E-04         1.0000000E+30                 0       
 NEXT SEEDS:25391AE7       0       0       0       0       0   181CD    3039       0       0
     800000              13000000              13000000             1.2614739E-04         1.0000000E+30                 0       
 NEXT SEEDS:319D0449       0       0       0       0       0   181CD    3039       0       0
    1000000              12800000              12800000             1.2623416E-04         1.0000000E+30                 0       
 NEXT SEEDS: 2681173       1       0       0       0       0   181CD    3039       0       0
    1200000              12600000              12600000             1.2623509E-04         1.0000000E+30                 0       
 NEXT SEEDS: ECC47DE       1       0       0       0       0   181CD    3039       0       0
    1400000              12400000              12400000             1.2623504E-04         1.0000000E+30                 0       
 NEXT SEEDS:1B2F3D55       1       0       0       0       0   181CD    3039       0       0
    1600000              12200000              12200000             1.2623873E-04         1.0000000E+30                 0       
 NEXT SEEDS:27992938       1       0       0       0       0   181CD    3039       0       0
    1800000              12000000              12000000             1.2624764E-04         1.0000000E+30                 0       
 NEXT SEEDS:33FE01CC       1       0       0       0       0   181CD    3039       0       0
    2000000              11800000              11800000             1.2624670E-04         1.0000000E+30                 0       
 NEXT SEEDS: 4C9FB93       2       0       0       0       0   181CD    3039       0       0
    2200000              11600000              11600000             1.2625182E-04         1.0000000E+30                 0       
 NEXT SEEDS:1135B591       2       0       0       0       0   181CD    3039       0       0
    2400000              11400000              11400000             1.2623173E-04         1.0000000E+30                 0       
 NEXT SEEDS:1D9ED7F6       2       0       0       0       0   181CD    3039       0       0
    2600000              11200000              11200000             1.2622194E-04         1.0000000E+30                 0       
 NEXT SEEDS:2A0604DA       2       0       0       0       0   181CD    3039       0       0
    2800000              11000000              11000000             1.2623744E-04         1.0000000E+30                 0       
 NEXT SEEDS:366C511A       2       0       0       0       0   181CD    3039       0       0
    3000000              10800000              10800000             1.2627922E-04         1.0000000E+30                 0       
 NEXT SEEDS: 73A0F55       3       0       0       0       0   181CD    3039       0       0
    3200000              10600000              10600000             1.2626354E-04         1.0000000E+30                 0       
 NEXT SEEDS:13A716AC       3       0       0       0       0   181CD    3039       0       0
    3400000              10400000              10400000             1.2624338E-04         1.0000000E+30                 0       
 NEXT SEEDS:200C1B03       3       0       0       0       0   181CD    3039       0       0
    3600000              10200000              10200000             1.2622069E-04         1.0000000E+30                 0       
 NEXT SEEDS:2C6CB8D0       3       0       0       0       0   181CD    3039       0       0
    3800000              10000000              10000000             1.2621085E-04         1.0000000E+30                 0       
 NEXT SEEDS:38D50288       3       0       0       0       0   181CD    3039       0       0
    4000000               9800000               9800000             1.2618599E-04         1.0000000E+30                 0       
 NEXT SEEDS: 9A26DFC       4       0       0       0       0   181CD    3039       0       0
    4200000               9600000               9600000             1.2618185E-04         1.0000000E+30                 0       
 NEXT SEEDS:1607750B       4       0       0       0       0   181CD    3039       0       0
    4400000               9400000               9400000             1.2619448E-04         1.0000000E+30                 0       
 NEXT SEEDS:2272774A       4       0       0       0       0   181CD    3039       0       0
    4600000               9200000               9200000             1.2617400E-04         1.0000000E+30                 0       
 NEXT SEEDS:2ED590D0       4       0       0       0       0   181CD    3039       0       0
    4800000               9000000               9000000             1.2617639E-04         1.0000000E+30                 0       
 NEXT SEEDS:3B3A7001       4       0       0       0       0   181CD    3039       0       0
    5000000               8800000               8800000             1.2617976E-04         1.0000000E+30                 0       
 NEXT SEEDS: C05147B       5       0       0       0       0   181CD    3039       0       0
    5200000               8600000               8600000             1.2617627E-04         1.0000000E+30                 0       
 NEXT SEEDS:186BE168       5       0       0       0       0   181CD    3039       0       0
    5400000               8400000               8400000             1.2619630E-04         1.0000000E+30                 0       
 NEXT SEEDS:24D42486       5       0       0       0       0   181CD    3039       0       0
    5600000               8200000               8200000             1.2620099E-04         1.0000000E+30                 0       
 NEXT SEEDS:313C928E       5       0       0       0       0   181CD    3039       0       0
    5800000               8000000               8000000             1.2620273E-04         1.0000000E+30                 0       
 NEXT SEEDS: 20B3EB9       6       0       0       0       0   181CD    3039       0       0
    6000000               7800000               7800000             1.2621490E-04         1.0000000E+30                 0       
 NEXT SEEDS: E703CC7       6       0       0       0       0   181CD    3039       0       0
    6200000               7600000               7600000             1.2622138E-04         1.0000000E+30                 0       
 NEXT SEEDS:1AD579D5       6       0       0       0       0   181CD    3039       0       0
    6400000               7400000               7400000             1.2623348E-04         1.0000000E+30                 0       
 NEXT SEEDS:27405533       6       0       0       0       0   181CD    3039       0       0
    6600000               7200000               7200000             1.2622012E-04         1.0000000E+30                 0       
 NEXT SEEDS:33A461E1       6       0       0       0       0   181CD    3039       0       0
    6800000               7000000               7000000             1.2621422E-04         1.0000000E+30                 0       
 NEXT SEEDS: 46B7CE9       7       0       0       0       0   181CD    3039       0       0
    7000000               6800000               6800000             1.2621482E-04         1.0000000E+30                 0       
 NEXT SEEDS:10D20FDF       7       0       0       0       0   181CD    3039       0       0
    7200000               6600000               6600000             1.2621987E-04         1.0000000E+30                 0       
 NEXT SEEDS:1D3B2572       7       0       0       0       0   181CD    3039       0       0
    7400000               6400000               6400000             1.2623190E-04         1.0000000E+30                 0       
 NEXT SEEDS:29A5CC44       7       0       0       0       0   181CD    3039       0       0
    7600000               6200000               6200000             1.2624385E-04         1.0000000E+30                 0       
 NEXT SEEDS:360E0B08       7       0       0       0       0   181CD    3039       0       0
    7800000               6000000               6000000             1.2626183E-04         1.0000000E+30                 0       
 NEXT SEEDS: 6DF1493       8       0       0       0       0   181CD    3039       0       0
    8000000               5800000               5800000             1.2625718E-04         1.0000000E+30                 0       
 NEXT SEEDS:1341BBED       8       0       0       0       0   181CD    3039       0       0
    8200000               5600000               5600000             1.2624883E-04         1.0000000E+30                 0       
 NEXT SEEDS:1FA86878       8       0       0       0       0   181CD    3039       0       0
    8400000               5400000               5400000             1.2622943E-04         1.0000000E+30                 0       
 NEXT SEEDS:2C08DA75       8       0       0       0       0   181CD    3039       0       0
    8600000               5200000               5200000             1.2621901E-04         1.0000000E+30                 0       
 NEXT SEEDS:3872032C       8       0       0       0       0   181CD    3039       0       0
    8800000               5000000               5000000             1.2620659E-04         1.0000000E+30                 0       
 NEXT SEEDS: 94044BD       9       0       0       0       0   181CD    3039       0       0
    9000000               4800000               4800000             1.2620138E-04         1.0000000E+30                 0       
 NEXT SEEDS:15A81FE3       9       0       0       0       0   181CD    3039       0       0
    9200000               4600000               4600000             1.2620861E-04         1.0000000E+30                 0       
 NEXT SEEDS:22102FB1       9       0       0       0       0   181CD    3039       0       0
    9400000               4400000               4400000             1.2620060E-04         1.0000000E+30                 0       
 NEXT SEEDS:2E7387D8       9       0       0       0       0   181CD    3039       0       0
    9600000               4200000               4200000             1.2618969E-04         1.0000000E+30                 0       
 NEXT SEEDS:3AD8F069       9       0       0       0       0   181CD    3039       0       0
    9800000               4000000               4000000             1.2618904E-04         1.0000000E+30                 0       
 NEXT SEEDS: BA761AF       A       0       0       0       0   181CD    3039       0       0
   10000000               3800000               3800000             1.2618989E-04         1.0000000E+30                 0       
 NEXT SEEDS:180D901A       A       0       0       0       0   181CD    3039       0       0
   10200000               3600000               3600000             1.2618839E-04         1.0000000E+30                 0       
 NEXT SEEDS:2474350E       A       0       0       0       0   181CD    3039       0       0
   10400000               3400000               3400000             1.2617739E-04         1.0000000E+30                 0       
 NEXT SEEDS:30D8416F       A       0       0       0       0   181CD    3039       0       0
   10600000               3200000               3200000             1.2618274E-04         1.0000000E+30                 0       
 NEXT SEEDS: 1A47B01       B       0       0       0       0   181CD    3039       0       0
   10800000               3000000               3000000             1.2620225E-04         1.0000000E+30                 0       
 NEXT SEEDS: E0D90BA       B       0       0       0       0   181CD    3039       0       0
   11000000               2800000               2800000             1.2620572E-04         1.0000000E+30                 0       
 NEXT SEEDS:1A71D2F9       B       0       0       0       0   181CD    3039       0       0
   11200000               2600000               2600000             1.2620591E-04         1.0000000E+30                 0       
 NEXT SEEDS:26D2F18F       B       0       0       0       0   181CD    3039       0       0
   11400000               2400000               2400000             1.2621147E-04         1.0000000E+30                 0       
 NEXT SEEDS:333BB075       B       0       0       0       0   181CD    3039       0       0
   11600000               2200000               2200000             1.2622473E-04         1.0000000E+30                 0       
 NEXT SEEDS: 40C5271       C       0       0       0       0   181CD    3039       0       0
   11800000               2000000               2000000             1.2623121E-04         1.0000000E+30                 0       
 NEXT SEEDS:10733553       C       0       0       0       0   181CD    3039       0       0
   12000000               1800000               1800000             1.2623728E-04         1.0000000E+30                 0       
 NEXT SEEDS:1CD91DE3       C       0       0       0       0   181CD    3039       0       0
   12200000               1600000               1600000             1.2626662E-04         1.0000000E+30                 0       
 NEXT SEEDS:293DD7AB       C       0       0       0       0   181CD    3039       0       0
   12400000               1400000               1400000             1.2628035E-04         1.0000000E+30                 0       
 NEXT SEEDS:35A3B59B       C       0       0       0       0   181CD    3039       0       0
   12600000               1200000               1200000             1.2628980E-04         1.0000000E+30                 0       
 NEXT SEEDS: 66C7341       D       0       0       0       0   181CD    3039       0       0
   12800000               1000000               1000000             1.2630834E-04         1.0000000E+30                 0       
 NEXT SEEDS:12CE5E6C       D       0       0       0       0   181CD    3039       0       0
   13000000                800000                800000             1.2634554E-04         1.0000000E+30                 0       
 NEXT SEEDS:1F34B4D8       D       0       0       0       0   181CD    3039       0       0
   13200000                600000                600000             1.2635472E-04         1.0000000E+30                 0       
 NEXT SEEDS:2B98E6AF       D       0       0       0       0   181CD    3039       0       0
   13400000                400000                400000             1.2636000E-04         1.0000000E+30                 0       
 NEXT SEEDS:380249F2       D       0       0       0       0   181CD    3039       0       0
   13600000                200000                200000             1.2636505E-04         1.0000000E+30                 0       
 NEXT SEEDS: 8CB8E96       E       0       0       0       0   181CD    3039       0       0
   13799950                    50                    50             1.2637570E-04         1.0000000E+30                 0       
 NEXT SEEDS:15345EE0       E       0       0       0       0   181CD    3039       0       0
   13799951                    49                    49             1.2637572E-04         1.0000000E+30                 0       
 NEXT SEEDS:1534645B       E       0       0       0       0   181CD    3039       0       0
   13799952                    48                    48             1.2637573E-04         1.0000000E+30                 0       
 NEXT SEEDS:1534673D       E       0       0       0       0   181CD    3039       0       0
   13799953                    47                    47             1.2637575E-04         1.0000000E+30                 0       
 NEXT SEEDS:15346DDD       E       0       0       0       0   181CD    3039       0       0
   13799954                    46                    46             1.2637576E-04         1.0000000E+30                 0       
 NEXT SEEDS:153473D6       E       0       0       0       0   181CD    3039       0       0
   13799955                    45                    45             1.2637579E-04         1.0000000E+30                 0       
 NEXT SEEDS:15347840       E       0       0       0       0   181CD    3039       0       0
   13799956                    44                    44             1.2637580E-04         1.0000000E+30                 0       
 NEXT SEEDS:15347B17       E       0       0       0       0   181CD    3039       0       0
   13799957                    43                    43             1.2637581E-04         1.0000000E+30                 0       
 NEXT SEEDS:15347BB7       E       0       0       0       0   181CD    3039       0       0
   13799958                    42                    42             1.2637584E-04         1.0000000E+30                 0       
 NEXT SEEDS:153480B6       E       0       0       0       0   181CD    3039       0       0
   13799959                    41                    41             1.2637586E-04         1.0000000E+30                 0       
 NEXT SEEDS:153484FA       E       0       0       0       0   181CD    3039       0       0
   13799960                    40                    40             1.2637588E-04         1.0000000E+30                 0       
 NEXT SEEDS:153488C1       E       0       0       0       0   181CD    3039       0       0
   13799961                    39                    39             1.2637590E-04         1.0000000E+30                 0       
 NEXT SEEDS:15348BBB       E       0       0       0       0   181CD    3039       0       0
   13799962                    38                    38             1.2637592E-04         1.0000000E+30                 0       
 NEXT SEEDS:15348F81       E       0       0       0       0   181CD    3039       0       0
   13799963                    37                    37             1.2637594E-04         1.0000000E+30                 0       
 NEXT SEEDS:15349207       E       0       0       0       0   181CD    3039       0       0
   13799964                    36                    36             1.2637595E-04         1.0000000E+30                 0       
 NEXT SEEDS:153493C8       E       0       0       0       0   181CD    3039       0       0
   13799965                    35                    35             1.2637596E-04         1.0000000E+30                 0       
 NEXT SEEDS:153496BD       E       0       0       0       0   181CD    3039       0       0
   13799966                    34                    34             1.2637598E-04         1.0000000E+30                 0       
 NEXT SEEDS:15349BC4       E       0       0       0       0   181CD    3039       0       0
   13799967                    33                    33             1.2637599E-04         1.0000000E+30                 0       
 NEXT SEEDS:1534A1A5       E       0       0       0       0   181CD    3039       0       0
   13799968                    32                    32             1.2637600E-04         1.0000000E+30                 0       
 NEXT SEEDS:1534A59D       E       0       0       0       0   181CD    3039       0       0
   13799969                    31                    31             1.2637600E-04         1.0000000E+30                 0       
 NEXT SEEDS:1534A9AC       E       0       0       0       0   181CD    3039       0       0
   13799970                    30                    30             1.2637602E-04         1.0000000E+30                 0       
 NEXT SEEDS:1534AE02       E       0       0       0       0   181CD    3039       0       0
   13799971                    29                    29             1.2637602E-04         1.0000000E+30                 0       
 NEXT SEEDS:1534AFD7       E       0       0       0       0   181CD    3039       0       0
   13799972                    28                    28             1.2637604E-04         1.0000000E+30                 0       
 NEXT SEEDS:1534B690       E       0       0       0       0   181CD    3039       0       0
   13799973                    27                    27             1.2637605E-04         1.0000000E+30                 0       
 NEXT SEEDS:1534B945       E       0       0       0       0   181CD    3039       0       0
   13799974                    26                    26             1.2637606E-04         1.0000000E+30                 0       
 NEXT SEEDS:1534BE9A       E       0       0       0       0   181CD    3039       0       0
   13799975                    25                    25             1.2637606E-04         1.0000000E+30                 0       
 NEXT SEEDS:1534C23D       E       0       0       0       0   181CD    3039       0       0
   13799976                    24                    24             1.2637607E-04         1.0000000E+30                 0       
 NEXT SEEDS:1534C443       E       0       0       0       0   181CD    3039       0       0
   13799977                    23                    23             1.2637608E-04         1.0000000E+30                 0       
 NEXT SEEDS:1534C8E0       E       0       0       0       0   181CD    3039       0       0
   13799978                    22                    22             1.2637610E-04         1.0000000E+30                 0       
 NEXT SEEDS:1534CF1C       E       0       0       0       0   181CD    3039       0       0
   13799979                    21                    21             1.2637612E-04         1.0000000E+30                 0       
 NEXT SEEDS:1534D88A       E       0       0       0       0   181CD    3039       0       0
   13799980                    20                    20             1.2637612E-04         1.0000000E+30                 0       
 NEXT SEEDS:1534D994       E       0       0       0       0   181CD    3039       0       0
   13799981                    19                    19             1.2637613E-04         1.0000000E+30                 0       
 NEXT SEEDS:1534DD73       E       0       0       0       0   181CD    3039       0       0
   13799982                    18                    18             1.2637614E-04         1.0000000E+30                 0       
 NEXT SEEDS:1534E1F7       E       0       0       0       0   181CD    3039       0       0
   13799983                    17                    17             1.2637615E-04         1.0000000E+30                 0       
 NEXT SEEDS:1534E412       E       0       0       0       0   181CD    3039       0       0
   13799984                    16                    16             1.2637617E-04         1.0000000E+30                 0       
 NEXT SEEDS:1534EB20       E       0       0       0       0   181CD    3039       0       0
   13799985                    15                    15             1.2637618E-04         1.0000000E+30                 0       
 NEXT SEEDS:1534EF6E       E       0       0       0       0   181CD    3039       0       0
   13799986                    14                    14             1.2637618E-04         1.0000000E+30                 0       
 NEXT SEEDS:1534F393       E       0       0       0       0   181CD    3039       0       0
   13799987                    13                    13             1.2637619E-04         1.0000000E+30                 0       
 NEXT SEEDS:1534F859       E       0       0       0       0   181CD    3039       0       0
   13799988                    12                    12             1.2637621E-04         1.0000000E+30                 0       
 NEXT SEEDS:1534FD83       E       0       0       0       0   181CD    3039       0       0
   13799989                    11                    11             1.2637623E-04         1.0000000E+30                 0       
 NEXT SEEDS:1535036B       E       0       0       0       0   181CD    3039       0       0
   13799990                    10                    10             1.2637624E-04         1.0000000E+30                 0       
 NEXT SEEDS:153507FB       E       0       0       0       0   181CD    3039       0       0
   13799991                     9                     9             1.2637625E-04         1.0000000E+30                 0       
 NEXT SEEDS:15350D51       E       0       0       0       0   181CD    3039       0       0
   13799992                     8                     8             1.2637625E-04         1.0000000E+30                 0       
 NEXT SEEDS:15351163       E       0       0       0       0   181CD    3039       0       0
   13799993                     7                     7             1.2637626E-04         1.0000000E+30                 0       
 NEXT SEEDS:15351599       E       0       0       0       0   181CD    3039       0       0
   13799994                     6                     6             1.2637628E-04         1.0000000E+30                 0       
 NEXT SEEDS:15351BCC       E       0       0       0       0   181CD    3039       0       0
   13799995                     5                     5             1.2637629E-04         1.0000000E+30                 0       
 NEXT SEEDS:15352014       E       0       0       0       0   181CD    3039       0       0
   13799996                     4                     4             1.2637630E-04         1.0000000E+30                 0       
 NEXT SEEDS:15352314       E       0       0       0       0   181CD    3039       0       0
   13799997                     3                     3             1.2637630E-04         1.0000000E+30                 0       
 NEXT SEEDS:153524AD       E       0       0       0       0   181CD    3039       0       0
   13799998                     2                     2             1.2637630E-04         1.0000000E+30                 0       
 NEXT SEEDS:15352650       E       0       0       0       0   181CD    3039       0       0
   13799999                     1                     1             1.2637632E-04         1.0000000E+30                 0       
 NEXT SEEDS:15352972       E       0       0       0       0   181CD    3039       0       0
   13800000                     0                     1             1.2637636E-04         1.0000000E+30                 0       
 NEXT SEEDS:15352F49       E       0       0       0       0   181CD    3039       0       0
