1
   Cartesian binning n.   1  "DepthDose " , generalized particle n.  228
      X coordinate: from -2.5000E-01 to  9.0000E-01 cm,  1000 bins ( 1.1500E-03 cm wide)
      Y coordinate: from -7.5000E-01 to  7.5000E-01 cm,     1 bins ( 1.5000E+00 cm wide)
      Z coordinate: from -7.5000E-01 to  7.5000E-01 cm,     1 bins ( 1.5000E+00 cm wide)
      Data follow in a matrix A(ix,iy,iz), format (1(5x,1p,10(1x,e11.4)))

      accurate deposition along the tracks requested
      this is a track-length binning
       4.7471E-07  4.9040E-07  4.7755E-07  4.8339E-07  5.1437E-07  5.0793E-07  4.8745E-07  4.9932E-07  5.0599E-07  5.0032E-07
       5.1012E-07  5.1693E-07  5.1332E-07  5.0441E-07  5.2916E-07  5.2328E-07  5.0381E-07  5.2842E-07  5.4382E-07  5.4828E-07
       5.5039E-07  5.5127E-07  5.7284E-07  5.5249E-07  5.5662E-07  5.5180E-07  5.4700E-07  5.5874E-07  5.8421E-07  5.7381E-07
       5.7867E-07  5.7636E-07  5.9618E-07  6.1186E-07  6.0722E-07  5.9838E-07  6.3034E-07  6.2612E-07  6.2775E-07  6.4378E-07
       6.5062E-07  6.3399E-07  6.1725E-07  6.4607E-07  6.5014E-07  6.3978E-07  6.6569E-07  6.4914E-07  6.8941E-07  7.0172E-07
       6.6287E-07  6.8583E-07  6.8121E-07  6.9211E-07  7.1199E-07  6.9664E-07  7.0565E-07  7.2468E-07  7.0381E-07  7.3925E-07
       7.1497E-07  7.2329E-07  7.0429E-07  7.5012E-07  7.3130E-07  7.6140E-07  7.5515E-07  7.7125E-07  7.9396E-07  7.8639E-07
       7.8940E-07  7.9752E-07  8.0871E-07  8.4771E-07  8.5065E-07  8.4216E-07  8.4424E-07  8.8103E-07  8.8773E-07  8.7745E-07
       9.0985E-07  9.3247E-07  9.3385E-07  9.8197E-07  9.9342E-07  1.0224E-06  1.0570E-06  1.0963E-06  1.1110E-06  1.1300E-06
       1.1936E-06  1.1950E-06  1.2982E-06  1.2982E-06  1.3794E-06  1.4558E-06  1.4637E-06  1.5613E-06  1.6386E-06  1.7588E-06
       1.8894E-06  1.9818E-06  2.1444E-06  2.3012E-06  2.4273E-06  2.6500E-06  2.8239E-06  3.0401E-06  3.2319E-06  3.5269E-06
       3.8809E-06  4.1715E-06  4.4828E-06  4.8641E-06  5.2826E-06  5.6951E-06  6.2804E-06  6.8050E-06  7.3778E-06  8.0512E-06
       8.7947E-06  9.5827E-06  1.0463E-05  1.1382E-05  1.2445E-05  1.3460E-05  1.4649E-05  1.6001E-05  1.7546E-05  1.9004E-05
       2.0941E-05  2.2573E-05  2.4330E-05  2.6412E-05  2.8489E-05  3.0923E-05  3.3266E-05  3.6060E-05  3.9227E-05  4.2117E-05
       4.5234E-05  4.8709E-05  5.2594E-05  5.6925E-05  6.1506E-05  6.6133E-05  7.1239E-05  7.6946E-05  8.2455E-05  8.8628E-05
       9.5604E-05  1.0291E-04  1.1056E-04  1.1878E-04  1.2764E-04  1.3710E-04  1.4709E-04  1.5779E-04  1.6974E-04  1.8200E-04
       1.9498E-04  2.0888E-04  2.2397E-04  2.4036E-04  2.5760E-04  2.7673E-04  2.9660E-04  3.1865E-04  3.4228E-04  3.6830E-04
       3.9609E-04  4.2733E-04  4.6384E-04  5.0567E-04  5.5526E-04  6.1746E-04  7.0164E-04  8.5190E-04  9.8343E-04  1.0596E-03
       1.1159E-03  1.1595E-03  1.1949E-03  1.2235E-03  1.2461E-03  1.2640E-03  1.2796E-03  1.2903E-03  1.2979E-03  1.3063E-03
       1.2755E-03  1.1818E-03  1.1678E-03  1.1561E-03  1.1431E-03  1.1285E-03  1.1091E-03  1.0858E-03  1.0583E-03  1.0240E-03
       9.8010E-04  9.2480E-04  8.4792E-04  7.0961E-04  5.7365E-04  4.9590E-04  4.3786E-04  3.9092E-04  3.5046E-04  3.1492E-04
       2.8312E-04  2.5338E-04  2.2600E-04  2.0010E-04  1.7527E-04  1.5128E-04  1.3162E-04  1.4950E-04  1.6275E-04  1.5950E-04
       1.5686E-04  1.5549E-04  1.5442E-04  1.5343E-04  1.5328E-04  1.5249E-04  1.5127E-04  1.4983E-04  1.4839E-04  1.4744E-04
       1.4673E-04  1.4609E-04  1.4499E-04  1.4409E-04  1.4320E-04  1.4229E-04  1.4156E-04  1.4052E-04  1.3937E-04  1.3860E-04
       1.3805E-04  1.3688E-04  1.3647E-04  1.3555E-04  1.3414E-04  1.3341E-04  1.3284E-04  1.3147E-04  1.3061E-04  1.2968E-04
       1.2897E-04  1.2804E-04  1.2749E-04  1.2696E-04  1.2594E-04  1.2507E-04  1.2425E-04  1.2350E-04  1.2232E-04  1.2151E-04
       1.2101E-04  1.2040E-04  1.1936E-04  1.1841E-04  1.1793E-04  1.1718E-04  1.1606E-04  1.1579E-04  1.1497E-04  1.1404E-04
       1.1302E-04  1.1213E-04  1.1207E-04  1.1084E-04  1.0979E-04  1.0939E-04  1.0886E-04  1.0771E-04  1.0707E-04  1.0677E-04
       1.0626E-04  1.0526E-04  1.0453E-04  1.0389E-04  1.0304E-04  1.0236E-04  1.0193E-04  1.0123E-04  1.0070E-04  9.9601E-05
       9.9527E-05  9.8665E-05  9.7853E-05  9.6701E-05  9.6219E-05  9.5805E-05  9.5090E-05  9.4507E-05  9.4127E-05  9.3218E-05
       9.2542E-05  9.2026E-05  9.1323E-05  9.1030E-05  9.0086E-05  8.9452E-05  8.9046E-05  8.8348E-05  8.7903E-05  8.7245E-05
       8.6897E-05  8.6003E-05  8.5687E-05  8.5086E-05  8.4167E-05  8.3624E-05  8.2438E-05  8.2109E-05  8.1842E-05  8.1095E-05
       8.0564E-05  8.0335E-05  7.9382E-05  7.9018E-05  7.8195E-05  7.7412E-05  7.6961E-05  7.6158E-05  7.5832E-05  7.5469E-05
       7.4962E-05  7.4517E-05  7.3938E-05  7.3233E-05  7.2965E-05  7.2196E-05  7.1661E-05  7.1298E-05  7.0904E-05  7.0327E-05
       7.0091E-05  6.9393E-05  6.8605E-05  6.8392E-05  6.7772E-05  6.7353E-05  6.6893E-05  6.6200E-05  6.5862E-05  6.5526E-05
       6.4834E-05  6.4403E-05  6.4039E-05  6.3511E-05  6.2919E-05  6.2807E-05  6.2066E-05  6.1648E-05  6.1120E-05  6.0721E-05
       6.0137E-05  5.9646E-05  5.9168E-05  5.8701E-05  5.8411E-05  5.8262E-05  5.7676E-05  5.7333E-05  5.6635E-05  5.6341E-05
       5.5809E-05  5.5248E-05  5.4687E-05  5.4468E-05  5.3673E-05  5.3578E-05  5.2545E-05  5.2343E-05  5.2130E-05  5.1541E-05
       5.1471E-05  5.0992E-05  5.0348E-05  5.0331E-05  4.9677E-05  4.9444E-05  4.8902E-05  4.8526E-05  4.8448E-05  4.8152E-05
       4.7265E-05  4.7357E-05  4.6830E-05  4.6588E-05  4.6316E-05  4.5612E-05  4.5181E-05  4.5065E-05  4.4561E-05  4.4101E-05
       4.4072E-05  4.3752E-05  4.3239E-05  4.2983E-05  4.2518E-05  4.2251E-05  4.1713E-05  4.1294E-05  4.1161E-05  4.0928E-05
       4.0505E-05  4.0191E-05  3.9619E-05  3.9519E-05  3.9217E-05  3.9110E-05  3.8491E-05  3.8302E-05  3.7805E-05  3.7706E-05
       3.7127E-05  3.6893E-05  3.6450E-05  3.6200E-05  3.5939E-05  3.5523E-05  3.5303E-05  3.5068E-05  3.4891E-05  3.4341E-05
       3.4040E-05  3.3845E-05  3.3681E-05  3.3151E-05  3.2902E-05  3.2559E-05  3.2292E-05  3.1907E-05  3.1973E-05  3.1557E-05
       3.1388E-05  3.1154E-05  3.0778E-05  3.0614E-05  3.0363E-05  3.0096E-05  2.9944E-05  2.9423E-05  2.9439E-05  2.9041E-05
       2.8872E-05  2.8486E-05  2.8247E-05  2.7908E-05  2.8068E-05  2.7523E-05  2.7332E-05  2.6773E-05  2.6925E-05  2.6401E-05
       2.6297E-05  2.6050E-05  2.5778E-05  2.5456E-05  2.5452E-05  2.5059E-05  2.4681E-05  2.4623E-05  2.4332E-05  2.3990E-05
       2.3862E-05  2.3439E-05  2.3458E-05  2.3231E-05  2.2889E-05  2.2926E-05  2.2740E-05  2.2291E-05  2.2132E-05  2.1827E-05
       2.1655E-05  2.1711E-05  2.1419E-05  2.1224E-05  2.0915E-05  2.0840E-05  2.0454E-05  2.0288E-05  1.9948E-05  1.9822E-05
       1.9769E-05  1.9340E-05  1.9265E-05  1.9128E-05  1.9105E-05  1.9004E-05  1.8643E-05  1.8816E-05  1.8350E-05  1.8122E-05
       1.7922E-05  1.7943E-05  1.7659E-05  1.7491E-05  1.7267E-05  1.7157E-05  1.6881E-05  1.6737E-05  1.6825E-05  1.6442E-05
       1.6359E-05  1.6089E-05  1.6099E-05  1.5832E-05  1.5605E-05  1.5596E-05  1.5424E-05  1.5138E-05  1.5099E-05  1.4992E-05
       1.4680E-05  1.4810E-05  1.4506E-05  1.4274E-05  1.4153E-05  1.4063E-05  1.4010E-05  1.3839E-05  1.3671E-05  1.3515E-05
       1.3440E-05  1.3163E-05  1.3082E-05  1.2923E-05  1.2708E-05  1.2649E-05  1.2530E-05  1.2414E-05  1.2165E-05  1.2265E-05
       1.2029E-05  1.1835E-05  1.1706E-05  1.1567E-05  1.1562E-05  1.1358E-05  1.1320E-05  1.1218E-05  1.1160E-05  1.0940E-05
       1.0942E-05  1.0727E-05  1.0714E-05  1.0533E-05  1.0556E-05  1.0423E-05  1.0212E-05  1.0003E-05  9.9709E-06  9.7438E-06
       9.6334E-06  9.7197E-06  9.6482E-06  9.5454E-06  9.3090E-06  9.3443E-06  9.2169E-06  9.0589E-06  8.9077E-06  8.8918E-06
       8.8225E-06  8.7618E-06  8.5575E-06  8.4490E-06  8.3607E-06  8.2687E-06  8.0537E-06  8.0959E-06  7.8391E-06  7.8148E-06
       7.6918E-06  7.7252E-06  7.6776E-06  7.6615E-06  7.4484E-06  7.2961E-06  7.2680E-06  7.1627E-06  7.2042E-06  7.1377E-06
       6.9236E-06  6.9754E-06  6.7286E-06  6.6764E-06  6.5468E-06  6.5283E-06  6.4995E-06  6.3886E-06  6.3208E-06  6.2944E-06
       6.0683E-06  6.0380E-06  6.0569E-06  5.9267E-06  5.8709E-06  5.8808E-06  5.7819E-06  5.7062E-06  5.6108E-06  5.4685E-06
       5.4732E-06  5.3991E-06  5.4658E-06  5.3014E-06  5.1867E-06  5.1489E-06  5.0247E-06  5.0108E-06  4.9750E-06  4.9321E-06
       4.8375E-06  4.6799E-06  4.6057E-06  4.6407E-06  4.7200E-06  4.5968E-06  4.5225E-06  4.4249E-06  4.5313E-06  4.4665E-06
       4.4267E-06  4.3356E-06  4.2237E-06  4.1932E-06  4.1853E-06  3.9699E-06  4.0556E-06  3.9623E-06  3.8910E-06  3.7966E-06
       3.8358E-06  3.7720E-06  3.7089E-06  3.6496E-06  3.6239E-06  3.5241E-06  3.4446E-06  3.4046E-06  3.3755E-06  3.3489E-06
       3.2926E-06  3.2685E-06  3.2717E-06  3.1666E-06  3.2003E-06  3.1175E-06  3.0551E-06  3.0286E-06  2.8647E-06  2.9407E-06
       2.8381E-06  2.8511E-06  2.8188E-06  2.8134E-06  2.8240E-06  2.8430E-06  2.7008E-06  2.7146E-06  2.6502E-06  2.5499E-06
       2.5378E-06  2.4344E-06  2.5159E-06  2.4460E-06  2.4943E-06  2.3549E-06  2.3500E-06  2.2957E-06  2.2601E-06  2.3138E-06
       2.2767E-06  2.2070E-06  2.2101E-06  2.1552E-06  2.1182E-06  2.0582E-06  2.0262E-06  1.9869E-06  2.0068E-06  1.9438E-06
       1.9445E-06  1.9541E-06  1.7990E-06  1.7702E-06  1.7922E-06  1.8198E-06  1.7952E-06  1.6973E-06  1.6960E-06  1.7469E-06
       1.7073E-06  1.7811E-06  1.6887E-06  1.7084E-06  1.5903E-06  1.5697E-06  1.5113E-06  1.5173E-06  1.5256E-06  1.4600E-06
       1.4373E-06  1.4573E-06  1.4445E-06  1.4083E-06  1.3630E-06  1.3259E-06  1.2875E-06  1.3804E-06  1.3426E-06  1.3656E-06
       1.3492E-06  1.2864E-06  1.2932E-06  1.2283E-06  1.1862E-06  1.1393E-06  1.1580E-06  1.1423E-06  1.1222E-06  1.0779E-06
       1.0800E-06  1.0810E-06  1.0834E-06  1.0103E-06  1.0018E-06  1.0259E-06  9.6874E-07  9.4561E-07  9.5710E-07  9.3770E-07
       9.0639E-07  9.2627E-07  8.8756E-07  8.5969E-07  8.6520E-07  8.9403E-07  8.1021E-07  8.0070E-07  8.3586E-07  8.4186E-07
       7.7972E-07  7.7901E-07  7.7573E-07  7.4110E-07  7.4113E-07  7.2141E-07  7.1936E-07  6.9563E-07  7.0346E-07  6.7685E-07
       6.6989E-07  6.6594E-07  6.5258E-07  6.4678E-07  6.2774E-07  6.2891E-07  5.9950E-07  6.1736E-07  6.4271E-07  6.0117E-07
       6.0581E-07  5.5257E-07  5.7955E-07  5.7886E-07  5.5192E-07  5.0421E-07  5.3774E-07  5.3233E-07  5.0189E-07  5.1341E-07
       5.0621E-07  5.0112E-07  4.8894E-07  4.3350E-07  4.4559E-07  4.6161E-07  4.6406E-07  4.5120E-07  4.2379E-07  4.2541E-07
       4.1148E-07  4.0573E-07  3.9797E-07  4.0961E-07  4.0405E-07  3.9699E-07  4.1208E-07  3.7754E-07  3.7936E-07  3.6834E-07
       3.6230E-07  3.3848E-07  3.5533E-07  3.5615E-07  3.2275E-07  3.4776E-07  3.3203E-07  3.0257E-07  2.9402E-07  3.3188E-07
       3.0066E-07  3.0568E-07  2.7274E-07  3.0094E-07  2.8747E-07  2.7266E-07  2.7507E-07  2.8805E-07  2.6910E-07  2.6640E-07
       2.3821E-07  2.3752E-07  2.4523E-07  2.4651E-07  2.3881E-07  2.6468E-07  2.6532E-07  2.5111E-07  2.3557E-07  2.1105E-07
       2.1641E-07  2.1869E-07  2.0253E-07  2.0188E-07  2.0060E-07  2.0890E-07  2.0702E-07  1.8446E-07  1.8767E-07  1.9498E-07
       1.7440E-07  2.0062E-07  2.0644E-07  1.8605E-07  1.9592E-07  1.7504E-07  1.9142E-07  1.7929E-07  1.4937E-07  1.8221E-07
       1.9011E-07  1.5451E-07  1.5075E-07  1.7234E-07  1.5681E-07  1.5570E-07  1.7692E-07  1.5909E-07  1.5618E-07  1.2197E-07
       1.3697E-07  1.2438E-07  1.2375E-07  1.4442E-07  1.4795E-07  1.3148E-07  1.3063E-07  1.4787E-07  1.3721E-07  1.2638E-07
       1.3327E-07  1.4802E-07  1.2222E-07  1.2455E-07  1.2438E-07  1.2253E-07  1.2611E-07  1.1445E-07  1.2236E-07  1.0776E-07
       1.0783E-07  1.1369E-07  1.3010E-07  1.1767E-07  1.3069E-07  9.4210E-08  1.3340E-07  9.2826E-08  9.7259E-08  9.1623E-08
       9.3395E-08  8.0023E-08  8.9164E-08  9.4416E-08  1.1742E-07  9.1139E-08  9.2208E-08  7.4099E-08  9.6371E-08  1.1843E-07
       9.2253E-08  9.8846E-08  8.8053E-08  9.6090E-08  7.0954E-08  8.0493E-08  8.1035E-08  8.2157E-08  7.0139E-08  9.0003E-08
       8.7848E-08  8.5970E-08  9.1115E-08  7.0375E-08  1.0035E-07  8.1568E-08  7.1905E-08  7.5349E-08  8.3663E-08  7.2642E-08
       6.7593E-08  6.7231E-08  9.6174E-08  6.7842E-08  7.4124E-08  7.8727E-08  5.5379E-08  6.0778E-08  8.0015E-08  5.3821E-08
       5.8175E-08  7.9953E-08  6.0791E-08  7.0234E-08  7.3631E-08  6.7936E-08  7.0894E-08  5.9469E-08  6.3945E-08  6.9894E-08
       6.0828E-08  5.8371E-08  6.0141E-08  6.4903E-08  7.0623E-08  4.4215E-08  6.0491E-08  5.1744E-08  7.0982E-08  5.8455E-08
       5.9287E-08  5.5202E-08  5.2840E-08  5.4454E-08  5.8620E-08  5.8986E-08  5.9356E-08  6.2422E-08  7.0666E-08  7.3717E-08
       6.4075E-08  6.1362E-08  5.9360E-08  7.1837E-08  6.1663E-08  4.6987E-08  6.2965E-08  6.1916E-08  4.5813E-08  6.3620E-08
       7.1187E-08  6.7871E-08  6.4024E-08  6.7544E-08  4.8690E-08  6.1582E-08  6.6992E-08  5.2873E-08  6.2712E-08  5.9927E-08
       6.4865E-08  6.8960E-08  5.7458E-08  5.8759E-08  5.5988E-08  3.7575E-08  5.5681E-08  4.7020E-08  5.2846E-08  4.9697E-08
       6.3333E-08  6.0309E-08  6.2121E-08  5.8069E-08  5.2318E-08  5.3688E-08  4.6906E-08  5.9559E-08  4.4187E-08  7.1847E-08
